d:\study\bfcai 4_2(cs)\3-compiler\sec\p2\compiler_gui\compiler_gui\compiler_gui\x64\debug\vc143.pdb
d:\study\bfcai 4_2(cs)\3-compiler\sec\p2\compiler_gui\compiler_gui\compiler_gui\x64\debug\.netframework,version=v4.7.2.assemblyattributes.obj
d:\study\bfcai 4_2(cs)\3-compiler\sec\p2\compiler_gui\compiler_gui\compiler_gui\x64\debug\parserlogic.obj
d:\study\bfcai 4_2(cs)\3-compiler\sec\p2\compiler_gui\compiler_gui\compiler_gui\x64\debug\mainform.obj
d:\study\bfcai 4_2(cs)\3-compiler\sec\p2\compiler_gui\compiler_gui\compiler_gui\x64\debug\lexerlogic.obj
d:\study\bfcai 4_2(cs)\3-compiler\sec\p2\compiler_gui\compiler_gui\x64\debug\compiler_gui.exe
d:\study\bfcai 4_2(cs)\3-compiler\sec\p2\compiler_gui\compiler_gui\x64\debug\compiler_gui.pdb
d:\study\bfcai 4_2(cs)\3-compiler\sec\p2\compiler_gui\compiler_gui\compiler_gui\x64\debug\compiler_gui.tlog\cl.command.1.tlog
d:\study\bfcai 4_2(cs)\3-compiler\sec\p2\compiler_gui\compiler_gui\compiler_gui\x64\debug\compiler_gui.tlog\cl.items.tlog
d:\study\bfcai 4_2(cs)\3-compiler\sec\p2\compiler_gui\compiler_gui\compiler_gui\x64\debug\compiler_gui.tlog\cl.read.1.tlog
d:\study\bfcai 4_2(cs)\3-compiler\sec\p2\compiler_gui\compiler_gui\compiler_gui\x64\debug\compiler_gui.tlog\cl.write.1.tlog
d:\study\bfcai 4_2(cs)\3-compiler\sec\p2\compiler_gui\compiler_gui\compiler_gui\x64\debug\compiler_gui.tlog\link.command.1.tlog
d:\study\bfcai 4_2(cs)\3-compiler\sec\p2\compiler_gui\compiler_gui\compiler_gui\x64\debug\compiler_gui.tlog\link.read.1.tlog
d:\study\bfcai 4_2(cs)\3-compiler\sec\p2\compiler_gui\compiler_gui\compiler_gui\x64\debug\compiler_gui.tlog\link.secondary.1.tlog
d:\study\bfcai 4_2(cs)\3-compiler\sec\p2\compiler_gui\compiler_gui\compiler_gui\x64\debug\compiler_gui.tlog\link.write.1.tlog
d:\study\bfcai 4_2(cs)\3-compiler\sec\p2\compiler_gui\compiler_gui\compiler_gui\x64\debug\compiler_gui.tlog\metagen.read.1.tlog
d:\study\bfcai 4_2(cs)\3-compiler\sec\p2\compiler_gui\compiler_gui\compiler_gui\x64\debug\compiler_gui.tlog\metagen.write.1.tlog
d:\study\bfcai 4_2(cs)\3-compiler\sec\p2\compiler_gui\compiler_gui\compiler_gui\x64\debug\compiler_gui.tlog\resgen.command.1.tlog
d:\study\bfcai 4_2(cs)\3-compiler\sec\p2\compiler_gui\compiler_gui\compiler_gui\x64\debug\compiler_gui.tlog\resgen.read.1.tlog
d:\study\bfcai 4_2(cs)\3-compiler\sec\p2\compiler_gui\compiler_gui\compiler_gui\x64\debug\compiler_gui.tlog\resgen.write.1.tlog
